<?xml version="1.0" encoding="UTF-8"?>

<!-- Curtiss-Wright X 19 - 2011 - Emmanuel BARANGER 

     sources      : http://en.wikipedia.org/wiki/Curtiss-Wright_X-19

     Wingspan     : 19.50 ft ( forward   ) / 21.5 ft (aft) (5.94 m / 6.55 m)
     lenght       : 42.08 ft ( 12.83 m   )
     height       : 17.17 ft (  5.2 m    )
     Empty mass   :  1200 lb (  544 kg   )
     Engine       : 2 Avco Lycoming T55-L-5 turboshaft (2200 hp each)
     Maximu speed : 398 kt   (  730 km/h )
-->

<airplane mass="1200">

  <!-- Approach configuration -->
  <approach speed="40" aoa="8" fuel="0.3">
    <control-setting axis="/controls/engines/engine[0]/throttle" value="0.2"/>
    <control-setting axis="/controls/engines/engine[0]/mixture" value="1"/>
    <control-setting axis="/controls/engines/engine[0]/propeller-pitch" value="0.5"/>
    <control-setting axis="/controls/engines/engine[1]/throttle" value="0.2"/>
    <control-setting axis="/controls/engines/engine[1]/mixture" value="1"/>
    <control-setting axis="/controls/engines/engine[1]/propeller-pitch" value="0.5"/>
    <control-setting axis="/controls/engines/engine[2]/throttle" value="0.2"/>
    <control-setting axis="/controls/engines/engine[2]/mixture" value="1"/>
    <control-setting axis="/controls/engines/engine[2]/propeller-pitch" value="0.5"/>
    <control-setting axis="/controls/engines/engine[3]/throttle" value="0.2"/>
    <control-setting axis="/controls/engines/engine[3]/mixture" value="1"/>
    <control-setting axis="/controls/engines/engine[3]/propeller-pitch" value="0.5"/>
    <control-setting axis="/controls/flight/flaps" value="1"/>
    <control-setting axis="/controls/gear/gear-down" value="1"/>
  </approach>

  <!-- Cruise configuration -->
  <cruise speed="350" alt="5000" fuel="1.0">
    <control-setting axis="/controls/engines/engine[0]/throttle" value="0.75"/>
    <control-setting axis="/controls/engines/engine[0]/mixture" value="1"/>
    <control-setting axis="/controls/engines/engine[0]/propeller-pitch" value="1"/>
    <control-setting axis="/controls/engines/engine[1]/throttle" value="0.75"/>
    <control-setting axis="/controls/engines/engine[1]/mixture" value="1"/>
    <control-setting axis="/controls/engines/engine[1]/propeller-pitch" value="1"/>
    <control-setting axis="/controls/engines/engine[2]/throttle" value="0.75"/>
    <control-setting axis="/controls/engines/engine[2]/mixture" value="1"/>
    <control-setting axis="/controls/engines/engine[2]/propeller-pitch" value="1"/>
    <control-setting axis="/controls/engines/engine[3]/throttle" value="0.75"/>
    <control-setting axis="/controls/engines/engine[3]/mixture" value="1"/>
    <control-setting axis="/controls/engines/engine[3]/propeller-pitch" value="1"/>
    <control-setting axis="/controls/flight/flaps" value="0"/>
    <control-setting axis="/controls/gear/gear-down" value="0"/>
  </cruise>

  <cockpit x="3.850" y="0.268" z="-0.805"/>

  <fuselage ax=" 6.404" ay="0" az="-1.645" bx=" 4.386" by="0" bz="-1.260" width="1.087" taper="0.3" midpoint="1"/>
  <fuselage ax=" 4.386" ay="0" az="-1.260" bx="-1.000" by="0" bz="-1.260" width="1.087" taper="1.0" midpoint="0"/>
  <fuselage ax="-1.000" ay="0" az="-1.260" bx="-5.533" by="0" bz="-0.761" width="1.087" taper="0.3" midpoint="0"/>

  <wing x="2.149" y="0.420" z="-0.608"
        chord="0.950" 
        length="2.350" 
        taper="1" 
        camber="0.01"> 
        <stall aoa="18" width="1" peak="1.5"/>
        <flap0 start="0.14" end="0.82" lift="1.4" drag="1.5"/>

        <control-input axis="/controls/flight/aileron" control="FLAP1" split="true"/>
        <control-input axis="/controls/flight/aileron-trim" control="FLAP1" split="true"/> 

        <control-output control="FLAP1" side="left" prop="/surface-positions/left-aileron-pos-norm"/>
        <control-output control="FLAP1" side="right" prop="/surface-positions/right-aileron-pos-norm"/>

        <control-speed control="FLAP1" transition-time="0.01"/>
  </wing>

  <hstab x="-4.347" y="0.420" z="-0.459" 
         chord="1.232" 
         length="2.650" 
         taper="1">
         <stall aoa="20" width="1" peak="1.5"/>
         <flap0 start="0.45" end="0.84" lift="2.0" drag="1.1"/>
         <flap1 start="0.05" end="0.45" lift="1.4" drag="1.9"/>

         <control-input axis="/controls/flight/elevator" control="FLAP0"/>
         <control-input axis="/controls/flight/elevator-trim" control="FLAP0"/>
         <control-input axis="/controls/flight/flaps" control="FLAP1"/>

         <control-output control="FLAP0" prop="/surface-positions/elevator-pos-norm"/>
         <control-output control="FLAP1" prop="/surface-positions/flap-pos-norm"/>
  </hstab>

  <vstab x="-4.645" y="0" z="-0.150"
         chord="1.745"
         length="2.900" 
         taper="0.50"
         sweep="25">
         <stall aoa="18" width="1" peak="1.5"/>
         <flap0 start="0.12" end="0.62" lift="1.6" drag="1.3"/>

         <control-input axis="/controls/flight/rudder" control="FLAP0" invert="true"/>

         <control-output control="FLAP0" prop="/surface-positions/rudder-pos-norm" min="1" max="-1"/>
  </vstab>

  <!--  Lycoming T55
                 source       : http://en.wikipedia.org/wiki/Lycoming_T55

                 type         : Turboshaft
                 power        : 2200 hp
                 weight       : 377kg (831 lbs)

                 2 moteurs au centre. Simule par 4 demi moteurs
  -->
  <propeller x="0.734" y="0" z="-0.723" 
             mass="415.5" 
             moment="5" 
             radius="1.825" 
             cruise-speed="176" 
             cruise-rpm="2000" 
             cruise-power="1000" 
             cruise-alt="7600" 
             min-rpm="150" 
             max-rpm="2300"> 
             <actionpt x="3.128" y="2.772" z="-0.608"/>
             <control-input axis="/controls/engines/engine[0]/propeller-pitch" control="ADVANCE"/>
             <turbine-engine eng-power="1100" 
                             eng-rpm="2700" 
                             alt="5000" 
                             flat-rating="1100" 
                             min-n2="70" 
                             max-n2="100"> 
                             <control-input axis="/controls/engines/engine[0]/throttle" control="THROTTLE"/>
                             <control-input axis="/controls/engines/engine[0]/starter" control="STARTER"/>
                             <control-input axis="/controls/engines/engine[0]/magnetos" control="MAGNETOS"/>
                             <control-input axis="/controls/engines/engine[0]/boost" control="BOOST"/>
             </turbine-engine>
  </propeller>

  <propeller x="0.734" y="0" z="-0.723" 
             mass="415.5" 
             moment="5" 
             radius="1.825" 
             cruise-speed="176" 
             cruise-rpm="2000" 
             cruise-power="1000" 
             cruise-alt="7600" 
             min-rpm="150" 
             max-rpm="2300"> 
             <actionpt x="3.128" y="-2.772" z="-0.608"/>
             <control-input axis="/controls/engines/engine[1]/propeller-pitch" control="ADVANCE"/>
             <turbine-engine eng-power="1100" 
                             eng-rpm="2700" 
                             alt="5000" 
                             flat-rating="1100" 
                             min-n2="70" 
                             max-n2="100"> 
                             <control-input axis="/controls/engines/engine[1]/throttle" control="THROTTLE"/>
                             <control-input axis="/controls/engines/engine[1]/starter" control="STARTER"/>
                             <control-input axis="/controls/engines/engine[1]/magnetos" control="MAGNETOS"/>
                             <control-input axis="/controls/engines/engine[1]/boost" control="BOOST"/>
             </turbine-engine>
  </propeller>

  <propeller x="-0.034" y="0" z="-0.723" 
             mass="415.5" 
             moment="5" 
             radius="1.825" 
             cruise-speed="176" 
             cruise-rpm="2000" 
             cruise-power="1000" 
             cruise-alt="7600" 
             min-rpm="150" 
             max-rpm="2300"> 
             <actionpt x="-3.250" y="3.069" z="-0.459"/>
             <control-input axis="/controls/engines/engine[2]/propeller-pitch" control="ADVANCE"/>
             <turbine-engine eng-power="1100" 
                             eng-rpm="2700" 
                             alt="5000" 
                             flat-rating="1100" 
                             min-n2="70" 
                             max-n2="100"> 
                             <control-input axis="/controls/engines/engine[2]/throttle" control="THROTTLE"/>
                             <control-input axis="/controls/engines/engine[2]/starter" control="STARTER"/>
                             <control-input axis="/controls/engines/engine[2]/magnetos" control="MAGNETOS"/>
                             <control-input axis="/controls/engines/engine[2]/boost" control="BOOST"/>
             </turbine-engine>
  </propeller>

  <propeller x="-0.034" y="0" z="-0.723" 
             mass="415.5" 
             moment="5" 
             radius="1.825" 
             cruise-speed="176" 
             cruise-rpm="2000" 
             cruise-power="1000" 
             cruise-alt="7600" 
             min-rpm="150" 
             max-rpm="2300"> 
             <actionpt x="-3.250" y="-3.069" z="-0.459"/>
             <control-input axis="/controls/engines/engine[3]/propeller-pitch" control="ADVANCE"/>
             <turbine-engine eng-power="1100" 
                             eng-rpm="2700" 
                             alt="5000" 
                             flat-rating="1100" 
                             min-n2="70" 
                             max-n2="100"> 
                             <control-input axis="/controls/engines/engine[3]/throttle" control="THROTTLE"/>
                             <control-input axis="/controls/engines/engine[3]/starter" control="STARTER"/>
                             <control-input axis="/controls/engines/engine[3]/magnetos" control="MAGNETOS"/>
                             <control-input axis="/controls/engines/engine[3]/boost" control="BOOST"/>
             </turbine-engine>
  </propeller>

  <!-- Roue du nez -->
  <gear x="6.685" y="0" z="-3.049" 
        compression="0.1" 
        retract-time="7" 
        spring="1" 
        damp="2">
        <control-input axis="/controls/flight/rudder" control="STEER" square="true" src0="-1.0" src1="1.0" dst0="-0.8" dst1="0.8"/>
        <control-input axis="/controls/gear/gear-down" control="EXTEND"/>
        <control-speed control="EXTEND" transition-time="5"/>
        <control-output control="EXTEND" prop="/gear/gear[0]/position-norm"/>
  </gear>

  <!-- Roue gauche -->
  <gear x="0.831" y="2.885" z="-2.974" 
        compression="0.2" 
        retract-time="7"
        spring="1" 
        damp="2">
        <control-input axis="/controls/gear/brake-parking" control="BRAKE"/>
        <control-input axis="/controls/gear/brake-left" control="BRAKE"/>
        <control-input axis="/controls/gear/gear-down" control="EXTEND"/>
        <control-speed control="EXTEND" transition-time="7"/>
        <control-output control="EXTEND" prop="/gear/gear[1]/position-norm"/>
  </gear>

  <!-- Roue droite -->
  <gear x="0.831" y="-2.885" z="-2.974"
        compression="0.2" 
        retract-time="7" 
        spring="1" 
        damp="2">
        <control-input axis="/controls/gear/brake-parking" control="BRAKE"/>
        <control-input axis="/controls/gear/brake-right" control="BRAKE"/>
        <control-input axis="/controls/gear/gear-down" control="EXTEND"/>
        <control-speed control="EXTEND" transition-time="7"/>
        <control-output control="EXTEND" prop="/gear/gear[2]/position-norm"/>
  </gear>

  <!-- Fuel  -->
  <tank x="0.72" y="0" z="-0.272" capacity="1500" />

  <!-- Mass distribution
  <ballast x="1.3" y="0.0" z="-1" mass="300"/> -->

</airplane>
